<?xml version="1.0" encoding="UTF-8"?>
<testng-results ignored="0" total="1" passed="1" failed="0" skipped="0">
  <reporter-output>
  </reporter-output>
  <suite started-at="2021-04-22T15:16:02 IST" name="Default suite" finished-at="2021-04-22T15:16:31 IST" duration-ms="28456">
    <groups>
    </groups>
    <test started-at="2021-04-22T15:16:02 IST" name="Default test" finished-at="2021-04-22T15:16:31 IST" duration-ms="28456">
      <class name="testscript.Login_Flow">
        <test-method is-config="true" signature="setUp()[pri:0, instance:testscript.Login_Flow@366647c2]" started-at="2021-04-22T15:16:02 IST" name="setUp" finished-at="2021-04-22T15:16:02 IST" duration-ms="341" status="PASS">
          <reporter-output>
          </reporter-output>
        </test-method> <!-- setUp -->
        <test-method is-config="true" signature="setUp(java.lang.String)[pri:0, instance:testscript.Login_Flow@366647c2]" started-at="2021-04-22T15:16:02 IST" name="setUp" finished-at="2021-04-22T15:16:22 IST" duration-ms="19366" status="PASS">
          <params>
            <param index="0">
              <value>
                <![CDATA[chrome]]>
              </value>
            </param>
          </params>
          <reporter-output>
          </reporter-output>
        </test-method> <!-- setUp -->
        <test-method signature="Physician_Valid_Login()[pri:0, instance:testscript.Login_Flow@366647c2]" started-at="2021-04-22T15:16:22 IST" name="Physician_Valid_Login" finished-at="2021-04-22T15:16:31 IST" duration-ms="9049" status="PASS">
          <reporter-output>
          </reporter-output>
        </test-method> <!-- Physician_Valid_Login -->
        <test-method is-config="true" signature="closeApplication(org.testng.ITestResult)[pri:0, instance:testscript.Login_Flow@366647c2]" started-at="2021-04-22T15:16:31 IST" name="closeApplication" finished-at="2021-04-22T15:16:31 IST" duration-ms="2" status="PASS">
          <params>
            <param index="0">
              <value>
                <![CDATA[[TestResult name=Physician_Valid_Login status=SUCCESS method=Login_Flow.Physician_Valid_Login()[pri:0, instance:testscript.Login_Flow@366647c2] output={null}]]]>
              </value>
            </param>
          </params>
          <reporter-output>
          </reporter-output>
        </test-method> <!-- closeApplication -->
        <test-method is-config="true" signature="clOse()[pri:0, instance:testscript.Login_Flow@366647c2]" started-at="2021-04-22T15:16:31 IST" name="clOse" finished-at="2021-04-22T15:16:31 IST" duration-ms="659" status="PASS">
          <reporter-output>
          </reporter-output>
        </test-method> <!-- clOse -->
      </class> <!-- testscript.Login_Flow -->
    </test> <!-- Default test -->
  </suite> <!-- Default suite -->
</testng-results>
